 Auto Update is enabled.
 API Listening.
 NO LOG FILE! - setting up server logging...
 [2022-04-19 10:00:54:386 INFO] Starting Server
 [2022-04-19 10:00:54:386 INFO] Version 1.18.12.01
 [2022-04-19 10:00:54:386 INFO] Session ID 69f78793-5d9b-4179-ba69-b2129da83812
 [2022-04-19 10:00:54:386 INFO] Level Name: Sirherobrine23
 [2022-04-19 10:00:54:387 INFO] Game mode: 0 Survival
 [2022-04-19 10:00:54:387 INFO] Difficulty: 2 NORMAL
 [2022-04-19 10:00:54:421 INFO] opening worlds/Sirherobrine23/db
 [2022-04-19 10:00:54:747 INFO] IPv4 supported, port: 19132
 [2022-04-19 10:00:54:747 INFO] IPv6 not supported
 [2022-04-19 10:00:54:914 INFO] Server started.
 [2022-04-19 10:00:54:930 INFO] IPv4 supported, port: 55626
 [2022-04-19 10:00:54:930 INFO] IPv6 not supported
 [2022-04-19 10:06:54:424 INFO] Running AutoCompaction...
 [2022-04-19 10:12:54:425 INFO] Running AutoCompaction...
 [2022-04-19 10:18:54:425 INFO] Running AutoCompaction...
 [2022-04-19 10:24:54:426 INFO] Running AutoCompaction...
 Backup started
 Backup finished
 [2022-04-19 10:30:54:426 INFO] Running AutoCompaction...
 [2022-04-19 10:36:54:426 INFO] Running AutoCompaction...
 [2022-04-19 10:42:54:427 INFO] Running AutoCompaction...
 [2022-04-19 10:48:54:428 INFO] Running AutoCompaction...
 [2022-04-19 10:54:54:428 INFO] Running AutoCompaction...
 Backup started
 Backup finished
 [2022-04-19 11:00:54:429 INFO] Running AutoCompaction...
 [2022-04-19 11:06:54:430 INFO] Running AutoCompaction...
 [2022-04-19 11:12:54:430 INFO] Running AutoCompaction...
 [2022-04-19 11:18:54:431 INFO] Running AutoCompaction...
 [2022-04-19 11:24:54:431 INFO] Running AutoCompaction...
 Backup started
 Backup finished
 [2022-04-19 11:30:54:432 INFO] Running AutoCompaction...
 [2022-04-19 11:36:54:432 INFO] Running AutoCompaction...
 [2022-04-19 11:42:54:433 INFO] Running AutoCompaction...
 [2022-04-19 11:48:54:433 INFO] Running AutoCompaction...
 [2022-04-19 11:54:54:434 INFO] Running AutoCompaction...
 Backup started
 Backup finished
 [2022-04-19 12:00:54:435 INFO] Running AutoCompaction...
 [2022-04-19 12:06:54:435 INFO] Running AutoCompaction...
 [2022-04-19 12:12:54:436 INFO] Running AutoCompaction...
 [2022-04-19 12:18:54:437 INFO] Running AutoCompaction...
 [2022-04-19 12:24:54:437 INFO] Running AutoCompaction...
 Backup started
 Backup finished
 [2022-04-19 12:30:54:438 INFO] Running AutoCompaction...
 [2022-04-19 12:36:54:438 INFO] Running AutoCompaction...
 [2022-04-19 12:42:54:439 INFO] Running AutoCompaction...
 [2022-04-19 12:48:54:439 INFO] Running AutoCompaction...
 [2022-04-19 12:54:54:440 INFO] Running AutoCompaction...
 Backup started
 Backup finished
 [2022-04-19 13:00:54:440 INFO] Running AutoCompaction...
 [2022-04-19 13:06:54:440 INFO] Running AutoCompaction...
 [2022-04-19 13:12:54:441 INFO] Running AutoCompaction...
 [2022-04-19 13:18:54:441 INFO] Running AutoCompaction...
 [2022-04-19 13:24:54:442 INFO] Running AutoCompaction...
 Backup started
 Backup finished
 [2022-04-19 13:30:54:442 INFO] Running AutoCompaction...
 [2022-04-19 13:36:54:443 INFO] Running AutoCompaction...
 [2022-04-19 13:42:54:443 INFO] Running AutoCompaction...
 [2022-04-19 13:48:54:444 INFO] Running AutoCompaction...
 [2022-04-19 13:54:54:444 INFO] Running AutoCompaction...
 Backup started
 Backup finished
 [2022-04-19 14:00:54:445 INFO] Running AutoCompaction...
 [2022-04-19 14:06:54:445 INFO] Running AutoCompaction...
 [2022-04-19 14:12:54:446 INFO] Running AutoCompaction...
 [2022-04-19 14:18:54:446 INFO] Running AutoCompaction...
 [2022-04-19 14:24:54:447 INFO] Running AutoCompaction...
 Backup started
 Backup finished
 [2022-04-19 14:30:54:447 INFO] Running AutoCompaction...
 [2022-04-19 14:36:54:448 INFO] Running AutoCompaction...
 [2022-04-19 14:42:54:448 INFO] Running AutoCompaction...
 [2022-04-19 14:48:54:448 INFO] Running AutoCompaction...
 [2022-04-19 14:54:54:449 INFO] Running AutoCompaction...
 Backup started
 Backup finished
 [2022-04-19 15:00:54:449 INFO] Running AutoCompaction...
 [2022-04-19 15:06:54:450 INFO] Running AutoCompaction...
 [2022-04-19 15:12:54:450 INFO] Running AutoCompaction...
 [2022-04-19 15:18:54:451 INFO] Running AutoCompaction...
 [2022-04-19 15:24:54:451 INFO] Running AutoCompaction...
 Backup started
 Backup finished
 [2022-04-19 15:30:54:452 INFO] Running AutoCompaction...
 [2022-04-19 15:36:54:453 INFO] Running AutoCompaction...
 [2022-04-19 15:41:16:924 INFO] Player connected: *, xuid: *
 [2022-04-19 15:45:46:520 INFO] Player disconnected: *, xuid: *
 [2022-04-19 15:47:21:891 INFO] Running AutoCompaction...
 [2022-04-19 15:53:21:897 INFO] Running AutoCompaction...
 [2022-04-19 15:59:21:897 INFO] Running AutoCompaction...
 Backup started
 Backup finished
 [2022-04-19 16:05:21:898 INFO] Running AutoCompaction...
 [2022-04-19 16:11:21:902 INFO] Running AutoCompaction...
 [2022-04-19 16:17:21:903 INFO] Running AutoCompaction...
 [2022-04-19 16:23:21:903 INFO] Running AutoCompaction...
 [2022-04-19 16:29:21:904 INFO] Running AutoCompaction...
 Backup started
 Backup finished
 [2022-04-19 16:35:21:907 INFO] Running AutoCompaction...
 [2022-04-19 16:41:21:907 INFO] Running AutoCompaction...
 [2022-04-19 16:47:21:908 INFO] Running AutoCompaction...
 [2022-04-19 16:53:21:909 INFO] Running AutoCompaction...
 [2022-04-19 16:59:21:911 INFO] Running AutoCompaction...
 Backup started
 Backup finished
 [2022-04-19 17:05:21:911 INFO] Running AutoCompaction...
 [2022-04-19 17:11:21:912 INFO] Running AutoCompaction...
 [2022-04-19 17:17:21:912 INFO] Running AutoCompaction...
 [2022-04-19 17:23:21:915 INFO] Running AutoCompaction...
 [2022-04-19 17:29:21:915 INFO] Running AutoCompaction...
 Backup started
 Backup finished
 [2022-04-19 17:35:21:916 INFO] Running AutoCompaction...
 [2022-04-19 17:41:21:916 INFO] Running AutoCompaction...
 [2022-04-19 17:47:21:918 INFO] Running AutoCompaction...
 [2022-04-19 17:53:21:919 INFO] Running AutoCompaction...
 [2022-04-19 17:59:21:920 INFO] Running AutoCompaction...
 Backup started
 Backup finished
 [2022-04-19 18:05:21:920 INFO] Running AutoCompaction...
 [2022-04-19 18:11:21:922 INFO] Running AutoCompaction...
 Upgrading bedrock from 1.18.12.01 to 1.18.30.04
 [2022-04-19 18:12:00:104 INFO] Server stop requested.
 [2022-04-19 18:12:00:133 INFO] Stopping server...
 Quit correctly
 NO LOG FILE! - setting up server logging...
 [2022-04-19 18:12:05:736 INFO] Starting Server
 [2022-04-19 18:12:05:736 INFO] Version 1.18.30.04
 [2022-04-19 18:12:05:736 INFO] Session ID 914cc45f-bec9-413a-8bcb-974ac529bd00
 [2022-04-19 18:12:05:736 INFO] Level Name: Bedrock level
 [2022-04-19 18:12:05:738 INFO] Game mode: 0 Survival
 [2022-04-19 18:12:05:738 INFO] Difficulty: 1 EASY
 [2022-04-19 18:12:05:773 INFO] opening worlds/Bedrock level/db
 [2022-04-19 18:12:05:109 INFO] IPv4 supported, port: 19132
 [2022-04-19 18:12:05:109 INFO] IPv6 not supported
 [2022-04-19 18:12:06:293 INFO] Server started.
 [2022-04-19 18:12:06:309 INFO] IPv4 supported, port: 52526
 [2022-04-19 18:12:06:310 INFO] IPv6 not supported
 Backup started
 Backup finished
 Backup started
 Backup finished
 Backup started
 Backup finished
 Backup started
 Backup finished
 Backup started
 Backup finished
 Backup started
 Backup finished
 Backup started
 Backup finished
 Backup started
 Backup finished
 Backup started
 Backup finished
 Backup started
 Backup finished
 Backup started
 Backup finished
 Backup started
 Backup finished
 Backup started
 Backup finished
 Backup started
 Backup finished
 Backup started
 Backup finished
 Backup started
 Backup finished
 Backup started
 Backup finished
 Backup started
 Backup finished
 Backup started
 Backup finished
 Backup started
 Backup finished
 Backup started
 Backup finished
 Backup started
 Backup finished
 Backup started
 Backup finished
 Backup started
 Backup finished
 Backup started
 Backup finished
 Backup started
 Backup finished
 Backup started
 Backup finished
 Backup started
 Backup finished
 Backup started
 Backup finished
 Backup started
 Backup finished
 Backup started
 Backup finished
 Backup started
 Backup finished
 Backup started
 Backup finished
 Backup started
 Backup finished
 Backup started
 Backup finished
 Backup started
 Backup finished
 Backup started
 Backup finished
 Backup started
 Backup finished
 Backup started
 Backup finished
 Backup started
 Backup finished
